app/build/intermediates/manifest_merge_blame_file/debug/manifest-merger-blame-debug-report.txt
1<?xml version="1.0" encoding="utf-8"?>
2<manifest xmlns:android="http://schemas.android.com/apk/res/android"
3    package="com.orkestra.paycars"
4    android:versionCode="1"
5    android:versionName="1.0" >
6
7    <uses-sdk
8        android:minSdkVersion="21"
9        android:targetSdkVersion="33" />
10
11    <permission
11-->[androidx.core:core:1.9.0] AndroidManifest.xml:22:5-24:47
12        android:name="com.orkestra.paycars.DYNAMIC_RECEIVER_NOT_EXPORTED_PERMISSION"
12-->[androidx.core:core:1.9.0] AndroidManifest.xml:23:9-81
13        android:protectionLevel="signature" />
13-->[androidx.core:core:1.9.0] AndroidManifest.xml:24:9-44
14
15    <uses-permission android:name="com.orkestra.paycars.DYNAMIC_RECEIVER_NOT_EXPORTED_PERMISSION" />
15-->[androidx.core:core:1.9.0] AndroidManifest.xml:26:5-97
15-->[androidx.core:core:1.9.0] AndroidManifest.xml:26:22-94
16
17    <application
17-->src\main\AndroidManifest.xml:5:5-47:19
18        android:allowBackup="true"
18-->src\main\AndroidManifest.xml:6:9-35
19        android:appComponentFactory="androidx.core.app.CoreComponentFactory"
19-->[androidx.core:core:1.9.0] AndroidManifest.xml:28:18-86
20        android:dataExtractionRules="@xml/data_extraction_rules"
20-->src\main\AndroidManifest.xml:7:9-65
21        android:debuggable="true"
22        android:extractNativeLibs="true"
23        android:fullBackupContent="@xml/backup_rules"
23-->src\main\AndroidManifest.xml:8:9-54
24        android:icon="@mipmap/ic_launcher"
24-->src\main\AndroidManifest.xml:9:9-43
25        android:label="@string/app_name"
25-->src\main\AndroidManifest.xml:10:9-41
26        android:roundIcon="@mipmap/ic_launcher_round"
26-->src\main\AndroidManifest.xml:11:9-54
27        android:supportsRtl="true"
27-->src\main\AndroidManifest.xml:12:9-35
28        android:testOnly="true"
29        android:theme="@style/Theme.PayCarsPlatformJualBeliMobilBekas" >
29-->src\main\AndroidManifest.xml:13:9-71
30        <activity
30-->src\main\AndroidManifest.xml:15:9-17:40
31            android:name="com.orkestra.paycars.ui.home.MainHome"
31-->src\main\AndroidManifest.xml:16:13-45
32            android:exported="false" />
32-->src\main\AndroidManifest.xml:17:13-37
33        <activity
33-->src\main\AndroidManifest.xml:18:9-20:40
34            android:name="com.orkestra.paycars.MainGetCode"
34-->src\main\AndroidManifest.xml:19:13-40
35            android:exported="false" />
35-->src\main\AndroidManifest.xml:20:13-37
36        <activity
36-->src\main\AndroidManifest.xml:21:9-24:104
37            android:name="com.orkestra.paycars.MainRegister"
37-->src\main\AndroidManifest.xml:22:13-41
38            android:exported="false"
38-->src\main\AndroidManifest.xml:23:13-37
39            android:theme="@style/Theme.PayCarsPlatformJualBeliMobilBekas.NoActionBarAndNoStatusBar" />
39-->src\main\AndroidManifest.xml:24:13-101
40        <activity
40-->src\main\AndroidManifest.xml:25:9-28:104
41            android:name="com.orkestra.paycars.MainLogin"
41-->src\main\AndroidManifest.xml:26:13-38
42            android:exported="false"
42-->src\main\AndroidManifest.xml:27:13-37
43            android:theme="@style/Theme.PayCarsPlatformJualBeliMobilBekas.NoActionBarAndNoStatusBar" />
43-->src\main\AndroidManifest.xml:28:13-101
44        <activity
44-->src\main\AndroidManifest.xml:29:9-32:104
45            android:name="com.orkestra.paycars.MainWelcome"
45-->src\main\AndroidManifest.xml:30:13-40
46            android:exported="false"
46-->src\main\AndroidManifest.xml:31:13-37
47            android:theme="@style/Theme.PayCarsPlatformJualBeliMobilBekas.NoActionBarAndNoStatusBar" />
47-->src\main\AndroidManifest.xml:32:13-101
48        <activity
48-->src\main\AndroidManifest.xml:33:9-42:20
49            android:name="com.orkestra.paycars.MainSplashScreen"
49-->src\main\AndroidManifest.xml:34:13-45
50            android:exported="true"
50-->src\main\AndroidManifest.xml:35:13-36
51            android:theme="@style/Theme.PayCarsPlatformJualBeliMobilBekas.NoActionBarAndNoStatusBar" >
51-->src\main\AndroidManifest.xml:36:13-101
52            <intent-filter>
52-->src\main\AndroidManifest.xml:37:13-41:29
53                <action android:name="android.intent.action.MAIN" />
53-->src\main\AndroidManifest.xml:38:17-69
53-->src\main\AndroidManifest.xml:38:25-66
54
55                <category android:name="android.intent.category.LAUNCHER" />
55-->src\main\AndroidManifest.xml:40:17-77
55-->src\main\AndroidManifest.xml:40:27-74
56            </intent-filter>
57        </activity>
58
59        <meta-data
59-->src\main\AndroidManifest.xml:44:9-46:57
60            android:name="preloaded_fonts"
60-->src\main\AndroidManifest.xml:45:13-43
61            android:resource="@array/preloaded_fonts" />
61-->src\main\AndroidManifest.xml:46:13-54
62
63        <provider
63-->[androidx.emoji2:emoji2:1.2.0] AndroidManifest.xml:24:9-32:20
64            android:name="androidx.startup.InitializationProvider"
64-->[androidx.emoji2:emoji2:1.2.0] AndroidManifest.xml:25:13-67
65            android:authorities="com.orkestra.paycars.androidx-startup"
65-->[androidx.emoji2:emoji2:1.2.0] AndroidManifest.xml:26:13-68
66            android:exported="false" >
66-->[androidx.emoji2:emoji2:1.2.0] AndroidManifest.xml:27:13-37
67            <meta-data
67-->[androidx.emoji2:emoji2:1.2.0] AndroidManifest.xml:29:13-31:52
68                android:name="androidx.emoji2.text.EmojiCompatInitializer"
68-->[androidx.emoji2:emoji2:1.2.0] AndroidManifest.xml:30:17-75
69                android:value="androidx.startup" />
69-->[androidx.emoji2:emoji2:1.2.0] AndroidManifest.xml:31:17-49
70            <meta-data
70-->[androidx.lifecycle:lifecycle-process:2.4.1] AndroidManifest.xml:31:13-33:52
71                android:name="androidx.lifecycle.ProcessLifecycleInitializer"
71-->[androidx.lifecycle:lifecycle-process:2.4.1] AndroidManifest.xml:32:17-78
72                android:value="androidx.startup" />
72-->[androidx.lifecycle:lifecycle-process:2.4.1] AndroidManifest.xml:33:17-49
73        </provider>
74    </application>
75
76</manifest>